<?xml version="1.0" encoding="UTF-8"?>
<!-- Generated by org.testng.reporters.JUnitReportReporter -->
<testsuite hostname="DESKTOP-QL928P4" failures="0" tests="2" name="MavenPrac.WindowTab" time="8.179" errors="0" timestamp="2023-08-08T17:20:37 IST" skipped="1">
  <testcase classname="MavenPrac.WindowTab" name="windowTest" time="8.179"/>
  <testcase classname="MavenPrac.WindowTab" name="tabTest">
    <skipped/>
  </testcase> <!-- tabTest -->
</testsuite> <!-- MavenPrac.WindowTab -->
