<?xml version="1.0" encoding="UTF-8"?>
<!-- Generated by org.testng.reporters.JUnitReportReporter -->
<testsuite hostname="DESKTOP-QL928P4" failures="0" tests="1" name="MavenPrac.Screenshot" time="5.363" errors="0" timestamp="2023-08-07T22:28:05 IST" skipped="0">
  <testcase classname="MavenPrac.Screenshot" name="screenshots" time="5.363"/>
</testsuite> <!-- MavenPrac.Screenshot -->
