<?xml version="1.0" encoding="UTF-8"?>
<!-- Generated by org.testng.reporters.JUnitReportReporter -->
<testsuite hostname="DESKTOP-QL928P4" failures="0" tests="1" name="MavenPrac.AllCommands" time="14.749" errors="0" timestamp="2023-07-28T10:29:40 IST" skipped="0">
  <testcase classname="MavenPrac.AllCommands" name="f" time="14.749"/>
</testsuite> <!-- MavenPrac.AllCommands -->
